<?xml version="1.0" encoding="UTF-8"?>
<testng-results skipped="0" failed="0" total="1" passed="1">
  <reporter-output>
  </reporter-output>
  <suite name="Default suite" duration-ms="77" started-at="2018-05-31T03:23:37Z" finished-at="2018-05-31T03:23:37Z">
    <groups>
    </groups>
    <test name="Default test" duration-ms="77" started-at="2018-05-31T03:23:37Z" finished-at="2018-05-31T03:23:37Z">
      <class name="test.guns.TestLogin">
        <test-method status="PASS" signature="setUp()[pri:0, instance:test.guns.TestLogin@3ffc5af1]" name="setUp" is-config="true" duration-ms="19" started-at="2018-05-31T11:23:37Z" finished-at="2018-05-31T11:23:37Z">
          <reporter-output>
          </reporter-output>
        </test-method> <!-- setUp -->
        <test-method status="PASS" signature="test01()[pri:0, instance:test.guns.TestLogin@3ffc5af1]" name="test01" duration-ms="16" started-at="2018-05-31T11:23:37Z" finished-at="2018-05-31T11:23:37Z">
          <reporter-output>
          </reporter-output>
        </test-method> <!-- test01 -->
      </class> <!-- test.guns.TestLogin -->
    </test> <!-- Default test -->
  </suite> <!-- Default suite -->
</testng-results>
